<?xml version="1.0" encoding="UTF-8"?>
<testng-results ignored="0" total="1" passed="1" failed="0" skipped="0">
  <reporter-output>
  </reporter-output>
  <suite started-at="2020-11-10T04:03:48Z" name="ITS-CodeDemo-TDD" finished-at="2020-11-10T04:03:53Z" duration-ms="4930">
    <groups>
    </groups>
    <test started-at="2020-11-10T04:03:48Z" name="e2e Test" finished-at="2020-11-10T04:03:53Z" duration-ms="4930">
      <class name="test.e2e.ItsDirectionTest1">
        <test-method is-config="true" signature="beforeAllTestCase()[pri:0, instance:[ItsDirectionTest1 passed=0 failed=0 skipped=0]]" started-at="2020-11-10T04:03:48Z" name="beforeAllTestCase" finished-at="2020-11-10T04:03:48Z" duration-ms="115" status="PASS">
          <reporter-output>
          </reporter-output>
        </test-method> <!-- beforeAllTestCase -->
        <test-method is-config="true" signature="beforeEachTestCase(java.lang.String)[pri:0, instance:[ItsDirectionTest1 passed=0 failed=0 skipped=0]]" started-at="2020-11-10T04:03:48Z" name="beforeEachTestCase" finished-at="2020-11-10T04:03:52Z" duration-ms="3923" status="PASS">
          <params>
            <param index="0">
              <value>
                <![CDATA[firefox]]>
              </value>
            </param>
          </params>
          <reporter-output>
          </reporter-output>
        </test-method> <!-- beforeEachTestCase -->
        <test-method signature="TestCase_001_ItsDirections()[pri:0, instance:[ItsDirectionTest1 passed=0 failed=0 skipped=0]]" started-at="2020-11-10T04:03:52Z" name="TestCase_001_ItsDirections" finished-at="2020-11-10T04:03:52Z" duration-ms="9" status="PASS">
          <reporter-output>
          </reporter-output>
        </test-method> <!-- TestCase_001_ItsDirections -->
        <test-method is-config="true" signature="tearDown()[pri:0, instance:[ItsDirectionTest1 passed=0 failed=0 skipped=0]]" started-at="2020-11-10T04:03:52Z" name="tearDown" finished-at="2020-11-10T04:03:53Z" duration-ms="633" status="PASS">
          <reporter-output>
          </reporter-output>
        </test-method> <!-- tearDown -->
        <test-method is-config="true" signature="afterAllTestCase()[pri:0, instance:[ItsDirectionTest1 passed=0 failed=0 skipped=0]]" started-at="2020-11-10T04:03:53Z" name="afterAllTestCase" finished-at="2020-11-10T04:03:53Z" duration-ms="222" status="PASS">
          <reporter-output>
          </reporter-output>
        </test-method> <!-- afterAllTestCase -->
      </class> <!-- test.e2e.ItsDirectionTest1 -->
    </test> <!-- e2e Test -->
  </suite> <!-- ITS-CodeDemo-TDD -->
</testng-results>
